<?xml version="1.0" encoding="UTF-8"?>
<testsuite xmlns:xsi="http://www.w3.org/2001/XMLSchema-instance" xsi:noNamespaceSchemaLocation="https://maven.apache.org/surefire/maven-surefire-plugin/xsd/surefire-test-report.xsd" name="com.example.AppTest" time="0.03" tests="1" errors="0" skipped="0" failures="0">
  <properties>
    <property name="java.specification.version" value="17"/>
    <property name="sun.cpu.isalist" value="amd64"/>
    <property name="sun.jnu.encoding" value="Cp1252"/>
    <property name="java.class.path" value="C:\Users\nilup\Desktop\Athena\Test01\demo\target\test-classes;C:\Users\nilup\Desktop\Athena\Test01\demo\target\classes;C:\Users\nilup\.m2\repository\junit\junit\4.11\junit-4.11.jar;C:\Users\nilup\.m2\repository\org\hamcrest\hamcrest-core\1.3\hamcrest-core-1.3.jar;C:\Users\nilup\.m2\repository\software\amazon\awssdk\athena\2.17.22\athena-2.17.22.jar;C:\Users\nilup\.m2\repository\software\amazon\awssdk\aws-json-protocol\2.17.22\aws-json-protocol-2.17.22.jar;C:\Users\nilup\.m2\repository\software\amazon\awssdk\third-party-jackson-core\2.17.22\third-party-jackson-core-2.17.22.jar;C:\Users\nilup\.m2\repository\software\amazon\awssdk\json-utils\2.17.22\json-utils-2.17.22.jar;C:\Users\nilup\.m2\repository\software\amazon\awssdk\protocol-core\2.17.22\protocol-core-2.17.22.jar;C:\Users\nilup\.m2\repository\software\amazon\awssdk\sdk-core\2.17.22\sdk-core-2.17.22.jar;C:\Users\nilup\.m2\repository\software\amazon\awssdk\profiles\2.17.22\profiles-2.17.22.jar;C:\Users\nilup\.m2\repository\org\slf4j\slf4j-api\1.7.30\slf4j-api-1.7.30.jar;C:\Users\nilup\.m2\repository\org\reactivestreams\reactive-streams\1.0.3\reactive-streams-1.0.3.jar;C:\Users\nilup\.m2\repository\software\amazon\awssdk\auth\2.17.22\auth-2.17.22.jar;C:\Users\nilup\.m2\repository\software\amazon\eventstream\eventstream\1.0.1\eventstream-1.0.1.jar;C:\Users\nilup\.m2\repository\software\amazon\awssdk\http-client-spi\2.17.22\http-client-spi-2.17.22.jar;C:\Users\nilup\.m2\repository\software\amazon\awssdk\regions\2.17.22\regions-2.17.22.jar;C:\Users\nilup\.m2\repository\software\amazon\awssdk\annotations\2.17.22\annotations-2.17.22.jar;C:\Users\nilup\.m2\repository\software\amazon\awssdk\utils\2.17.22\utils-2.17.22.jar;C:\Users\nilup\.m2\repository\software\amazon\awssdk\aws-core\2.17.22\aws-core-2.17.22.jar;C:\Users\nilup\.m2\repository\software\amazon\awssdk\metrics-spi\2.17.22\metrics-spi-2.17.22.jar;C:\Users\nilup\.m2\repository\software\amazon\awssdk\apache-client\2.17.22\apache-client-2.17.22.jar;C:\Users\nilup\.m2\repository\org\apache\httpcomponents\httpclient\4.5.13\httpclient-4.5.13.jar;C:\Users\nilup\.m2\repository\commons-logging\commons-logging\1.2\commons-logging-1.2.jar;C:\Users\nilup\.m2\repository\commons-codec\commons-codec\1.11\commons-codec-1.11.jar;C:\Users\nilup\.m2\repository\org\apache\httpcomponents\httpcore\4.4.11\httpcore-4.4.11.jar;C:\Users\nilup\.m2\repository\software\amazon\awssdk\netty-nio-client\2.17.22\netty-nio-client-2.17.22.jar;C:\Users\nilup\.m2\repository\io\netty\netty-codec-http\4.1.66.Final\netty-codec-http-4.1.66.Final.jar;C:\Users\nilup\.m2\repository\io\netty\netty-codec-http2\4.1.66.Final\netty-codec-http2-4.1.66.Final.jar;C:\Users\nilup\.m2\repository\io\netty\netty-codec\4.1.66.Final\netty-codec-4.1.66.Final.jar;C:\Users\nilup\.m2\repository\io\netty\netty-transport\4.1.66.Final\netty-transport-4.1.66.Final.jar;C:\Users\nilup\.m2\repository\io\netty\netty-resolver\4.1.66.Final\netty-resolver-4.1.66.Final.jar;C:\Users\nilup\.m2\repository\io\netty\netty-common\4.1.66.Final\netty-common-4.1.66.Final.jar;C:\Users\nilup\.m2\repository\io\netty\netty-buffer\4.1.66.Final\netty-buffer-4.1.66.Final.jar;C:\Users\nilup\.m2\repository\io\netty\netty-handler\4.1.66.Final\netty-handler-4.1.66.Final.jar;C:\Users\nilup\.m2\repository\io\netty\netty-transport-native-epoll\4.1.66.Final\netty-transport-native-epoll-4.1.66.Final-linux-x86_64.jar;C:\Users\nilup\.m2\repository\io\netty\netty-transport-native-unix-common\4.1.66.Final\netty-transport-native-unix-common-4.1.66.Final.jar;C:\Users\nilup\.m2\repository\com\typesafe\netty\netty-reactive-streams-http\2.0.5\netty-reactive-streams-http-2.0.5.jar;C:\Users\nilup\.m2\repository\com\typesafe\netty\netty-reactive-streams\2.0.5\netty-reactive-streams-2.0.5.jar;"/>
    <property name="java.vm.vendor" value="Eclipse Adoptium"/>
    <property name="sun.arch.data.model" value="64"/>
    <property name="user.variant" value=""/>
    <property name="java.vendor.url" value="https://adoptium.net/"/>
    <property name="user.timezone" value="Asia/Colombo"/>
    <property name="os.name" value="Windows 11"/>
    <property name="java.vm.specification.version" value="17"/>
    <property name="sun.java.launcher" value="SUN_STANDARD"/>
    <property name="user.country" value="US"/>
    <property name="sun.boot.library.path" value="C:\Program Files\Eclipse Adoptium\jdk-17.0.6.10-hotspot\bin"/>
    <property name="sun.java.command" value="C:\Users\nilup\AppData\Local\Temp\surefire8880381692686866837\surefirebooter9309449531236142476.jar C:\Users\nilup\AppData\Local\Temp\surefire8880381692686866837 2023-06-13T10-30-00_517-jvmRun1 surefire17483108908724348666tmp surefire_015613604792616534195tmp"/>
    <property name="jdk.debug" value="release"/>
    <property name="surefire.test.class.path" value="C:\Users\nilup\Desktop\Athena\Test01\demo\target\test-classes;C:\Users\nilup\Desktop\Athena\Test01\demo\target\classes;C:\Users\nilup\.m2\repository\junit\junit\4.11\junit-4.11.jar;C:\Users\nilup\.m2\repository\org\hamcrest\hamcrest-core\1.3\hamcrest-core-1.3.jar;C:\Users\nilup\.m2\repository\software\amazon\awssdk\athena\2.17.22\athena-2.17.22.jar;C:\Users\nilup\.m2\repository\software\amazon\awssdk\aws-json-protocol\2.17.22\aws-json-protocol-2.17.22.jar;C:\Users\nilup\.m2\repository\software\amazon\awssdk\third-party-jackson-core\2.17.22\third-party-jackson-core-2.17.22.jar;C:\Users\nilup\.m2\repository\software\amazon\awssdk\json-utils\2.17.22\json-utils-2.17.22.jar;C:\Users\nilup\.m2\repository\software\amazon\awssdk\protocol-core\2.17.22\protocol-core-2.17.22.jar;C:\Users\nilup\.m2\repository\software\amazon\awssdk\sdk-core\2.17.22\sdk-core-2.17.22.jar;C:\Users\nilup\.m2\repository\software\amazon\awssdk\profiles\2.17.22\profiles-2.17.22.jar;C:\Users\nilup\.m2\repository\org\slf4j\slf4j-api\1.7.30\slf4j-api-1.7.30.jar;C:\Users\nilup\.m2\repository\org\reactivestreams\reactive-streams\1.0.3\reactive-streams-1.0.3.jar;C:\Users\nilup\.m2\repository\software\amazon\awssdk\auth\2.17.22\auth-2.17.22.jar;C:\Users\nilup\.m2\repository\software\amazon\eventstream\eventstream\1.0.1\eventstream-1.0.1.jar;C:\Users\nilup\.m2\repository\software\amazon\awssdk\http-client-spi\2.17.22\http-client-spi-2.17.22.jar;C:\Users\nilup\.m2\repository\software\amazon\awssdk\regions\2.17.22\regions-2.17.22.jar;C:\Users\nilup\.m2\repository\software\amazon\awssdk\annotations\2.17.22\annotations-2.17.22.jar;C:\Users\nilup\.m2\repository\software\amazon\awssdk\utils\2.17.22\utils-2.17.22.jar;C:\Users\nilup\.m2\repository\software\amazon\awssdk\aws-core\2.17.22\aws-core-2.17.22.jar;C:\Users\nilup\.m2\repository\software\amazon\awssdk\metrics-spi\2.17.22\metrics-spi-2.17.22.jar;C:\Users\nilup\.m2\repository\software\amazon\awssdk\apache-client\2.17.22\apache-client-2.17.22.jar;C:\Users\nilup\.m2\repository\org\apache\httpcomponents\httpclient\4.5.13\httpclient-4.5.13.jar;C:\Users\nilup\.m2\repository\commons-logging\commons-logging\1.2\commons-logging-1.2.jar;C:\Users\nilup\.m2\repository\commons-codec\commons-codec\1.11\commons-codec-1.11.jar;C:\Users\nilup\.m2\repository\org\apache\httpcomponents\httpcore\4.4.11\httpcore-4.4.11.jar;C:\Users\nilup\.m2\repository\software\amazon\awssdk\netty-nio-client\2.17.22\netty-nio-client-2.17.22.jar;C:\Users\nilup\.m2\repository\io\netty\netty-codec-http\4.1.66.Final\netty-codec-http-4.1.66.Final.jar;C:\Users\nilup\.m2\repository\io\netty\netty-codec-http2\4.1.66.Final\netty-codec-http2-4.1.66.Final.jar;C:\Users\nilup\.m2\repository\io\netty\netty-codec\4.1.66.Final\netty-codec-4.1.66.Final.jar;C:\Users\nilup\.m2\repository\io\netty\netty-transport\4.1.66.Final\netty-transport-4.1.66.Final.jar;C:\Users\nilup\.m2\repository\io\netty\netty-resolver\4.1.66.Final\netty-resolver-4.1.66.Final.jar;C:\Users\nilup\.m2\repository\io\netty\netty-common\4.1.66.Final\netty-common-4.1.66.Final.jar;C:\Users\nilup\.m2\repository\io\netty\netty-buffer\4.1.66.Final\netty-buffer-4.1.66.Final.jar;C:\Users\nilup\.m2\repository\io\netty\netty-handler\4.1.66.Final\netty-handler-4.1.66.Final.jar;C:\Users\nilup\.m2\repository\io\netty\netty-transport-native-epoll\4.1.66.Final\netty-transport-native-epoll-4.1.66.Final-linux-x86_64.jar;C:\Users\nilup\.m2\repository\io\netty\netty-transport-native-unix-common\4.1.66.Final\netty-transport-native-unix-common-4.1.66.Final.jar;C:\Users\nilup\.m2\repository\com\typesafe\netty\netty-reactive-streams-http\2.0.5\netty-reactive-streams-http-2.0.5.jar;C:\Users\nilup\.m2\repository\com\typesafe\netty\netty-reactive-streams\2.0.5\netty-reactive-streams-2.0.5.jar;"/>
    <property name="sun.cpu.endian" value="little"/>
    <property name="user.home" value="C:\Users\nilup"/>
    <property name="user.language" value="en"/>
    <property name="java.specification.vendor" value="Oracle Corporation"/>
    <property name="java.version.date" value="2023-01-17"/>
    <property name="java.home" value="C:\Program Files\Eclipse Adoptium\jdk-17.0.6.10-hotspot"/>
    <property name="file.separator" value="\"/>
    <property name="basedir" value="C:\Users\nilup\Desktop\Athena\Test01\demo"/>
    <property name="java.vm.compressedOopsMode" value="Zero based"/>
    <property name="line.separator" value="&#10;"/>
    <property name="java.vm.specification.vendor" value="Oracle Corporation"/>
    <property name="java.specification.name" value="Java Platform API Specification"/>
    <property name="surefire.real.class.path" value="C:\Users\nilup\AppData\Local\Temp\surefire8880381692686866837\surefirebooter9309449531236142476.jar"/>
    <property name="user.script" value=""/>
    <property name="sun.management.compiler" value="HotSpot 64-Bit Tiered Compilers"/>
    <property name="java.runtime.version" value="17.0.6+10"/>
    <property name="user.name" value="nilup"/>
    <property name="path.separator" value=";"/>
    <property name="os.version" value="10.0"/>
    <property name="java.runtime.name" value="OpenJDK Runtime Environment"/>
    <property name="file.encoding" value="Cp1252"/>
    <property name="java.vm.name" value="OpenJDK 64-Bit Server VM"/>
    <property name="java.vendor.version" value="Temurin-17.0.6+10"/>
    <property name="localRepository" value="C:\Users\nilup\.m2\repository"/>
    <property name="java.vendor.url.bug" value="https://github.com/adoptium/adoptium-support/issues"/>
    <property name="java.io.tmpdir" value="C:\Users\nilup\AppData\Local\Temp\"/>
    <property name="java.version" value="17.0.6"/>
    <property name="user.dir" value="C:\Users\nilup\Desktop\Athena\Test01\demo"/>
    <property name="os.arch" value="amd64"/>
    <property name="java.vm.specification.name" value="Java Virtual Machine Specification"/>
    <property name="sun.os.patch.level" value=""/>
    <property name="native.encoding" value="Cp1252"/>
    <property name="java.library.path" value="C:\Program Files\Eclipse Adoptium\jdk-17.0.6.10-hotspot\bin;C:\WINDOWS\Sun\Java\bin;C:\WINDOWS\system32;C:\WINDOWS;C:\Program Files\Eclipse Adoptium\jdk-17.0.6.10-hotspot\bin;C:\Program Files\Common Files\Oracle\Java\javapath;C:\Windows\system32;C:\Windows;C:\Windows\System32\Wbem;C:\Windows\System32\WindowsPowerShell\v1.0\;C:\Windows\System32\OpenSSH\;C:\Program Files (x86)\NVIDIA Corporation\PhysX\Common;C:\Program Files\NVIDIA Corporation\NVIDIA NvDLISR;C:\WINDOWS\system32;C:\WINDOWS;C:\WINDOWS\System32\Wbem;C:\WINDOWS\System32\WindowsPowerShell\v1.0\;C:\WINDOWS\System32\OpenSSH\;C:\Program Files\MATLAB\MATLAB Production Server\R2015a\bin;C:\Program Files\dotnet\;C:\Program Files\Common Files\Autodesk Shared\;C:\Program Files (x86)\Autodesk\Backburner\;C:\Program Files\Microsoft SQL Server\120\Tools\Binn\;C:\Program Files\nodejs\;C:\Program Files\Git\cmd;C:\Program Files\Java\apache-maven-3.9.2\bin;C:\Program Files\MySQL\MySQL Shell 8.0\bin\;C:\Users\nilup\AppData\Local\Microsoft\WindowsApps;C:\src\flutter\bin;C:\Program Files\JetBrains\IntelliJ IDEA Community Edition 2021.2.3\bin;C:\Program Files\JetBrains\PyCharm Community Edition 2021.2\bin;C:\Users\nilup\AppData\Local\Programs\Microsoft VS Code\bin;C:\Users\nilup\AppData\Local\Programs\MiKTeX\miktex\bin\x64\;C:\Users\nilup\AppData\Local\gitkraken\bin;C:\Users\nilup\AppData\Local\Microsoft\WindowsApps;C:\MinGW\bin;C:\Users\nilup\AppData\Local\atom\bin;C:\Users\nilup\AppData\Local\Programs\Hyper\resources\bin;C:\Users\nilup\AppData\Roaming\npm;%JAVA_HOME%\bin;%HADOOP_HOME%\bin;%SPARK_HOME%\bin;C:\Program Files\Java\apache-maven-3.9.2\bin;;."/>
    <property name="java.vm.info" value="mixed mode, sharing"/>
    <property name="java.vendor" value="Eclipse Adoptium"/>
    <property name="java.vm.version" value="17.0.6+10"/>
    <property name="sun.io.unicode.encoding" value="UnicodeLittle"/>
    <property name="java.class.version" value="61.0"/>
  </properties>
  <testcase name="shouldAnswerWithTrue" classname="com.example.AppTest" time="0.001"/>
</testsuite>